  ws9_lab.cpp
c:\users\alberto and cintia\desktop\ws09\in-lab\data.h(75): error C2664: 'std::basic_istream<char,std::char_traits<char>> &std::basic_istream<char,std::char_traits<char>>::getline(_Elem *,std::streamsize,_Elem)': cannot convert argument 1 from 'int' to 'char *'
          with
          [
              _Elem=char
          ]
  c:\users\alberto and cintia\desktop\ws09\in-lab\data.h(75): note: Conversion from integral type to pointer type requires reinterpret_cast, C-style cast or function-style cast
  c:\users\alberto and cintia\desktop\ws09\in-lab\data.h(123): note: see reference to function template instantiation 'bool sict::read<T>(std::istream &,T *,int)' being compiled
          with
          [
              T=int
          ]
  c:\users\alberto and cintia\desktop\ws09\in-lab\ws9_lab.cpp(71): note: see reference to function template instantiation 'bool sict::readRow<int>(std::istream &,const char *,T *,int)' being compiled
          with
          [
              T=int
          ]
c:\users\alberto and cintia\desktop\ws09\in-lab\data.h(75): error C2664: 'std::basic_istream<char,std::char_traits<char>> &std::basic_istream<char,std::char_traits<char>>::getline(_Elem *,std::streamsize,_Elem)': cannot convert argument 1 from 'double' to 'char *'
          with
          [
              _Elem=char
          ]
  c:\users\alberto and cintia\desktop\ws09\in-lab\data.h(123): note: see reference to function template instantiation 'bool sict::read<T>(std::istream &,T *,int)' being compiled
          with
          [
              T=double
          ]
  c:\users\alberto and cintia\desktop\ws09\in-lab\ws9_lab.cpp(74): note: see reference to function template instantiation 'bool sict::readRow<double>(std::istream &,const char *,T *,int)' being compiled
          with
          [
              T=double
          ]
  Generating Code...
  Compiling...
  Data.cpp
  Generating Code...
